<?xml version="1.0" encoding="UTF-8"?>
<!-- Generated by org.testng.reporters.JUnitXMLReporter -->
<testsuite hostname="DESKTOP-R31J20A" ignored="0" name="General Store Test" tests="9" failures="1" timestamp="04 May 2020 07:06:51 GMT" time="58.431" errors="0">
  <testcase name="verifyProductPageTitleTest" time="1.541" classname="com.qa.appium.generalStore.tests.productPageTest"/>
  <testcase name="productsAddIntheCartTest" time="3.241" classname="com.qa.appium.generalStore.tests.productPageTest"/>
  <testcase name="productsAddIntheCartTest" time="6.74" classname="com.qa.appium.generalStore.tests.productPageTest"/>
  <testcase name="productsAddIntheCartTest" time="6.832" classname="com.qa.appium.generalStore.tests.productPageTest"/>
  <testcase name="productsAddIntheCartTest" time="6.835" classname="com.qa.appium.generalStore.tests.productPageTest"/>
  <testcase name="productsAddInTheCartTest" time="0.52" classname="com.qa.appium.generalStore.tests.productPageTest"/>
  <testcase name="gotToTheCartTest" time="0.049" classname="com.qa.appium.generalStore.tests.productPageTest"/>
  <testcase name="verifyPageTitleTest" time="1.393" classname="com.qa.appium.generalStore.tests.productPageTest"/>
  <testcase name="verifyProductsAddedInTheCartTest" time="11.336" classname="com.qa.appium.generalStore.tests.productPageTest">
    <failure type="org.openqa.selenium.NoSuchElementException" message="An element could not be located on the page using the given search parameters.
For documentation on this error, please visit: https://www.seleniumhq.org/exceptions/no_such_element.html
Build info: version: &amp;apos;3.141.59&amp;apos;, revision: &amp;apos;e82be7d358&amp;apos;, time: &amp;apos;2018-11-14T08:17:03&amp;apos;
System info: host: &amp;apos;DESKTOP-R31J20A&amp;apos;, ip: &amp;apos;192.168.1.2&amp;apos;, os.name: &amp;apos;Windows 10&amp;apos;, os.arch: &amp;apos;x86&amp;apos;, os.version: &amp;apos;10.0&amp;apos;, java.version: &amp;apos;1.8.0_201&amp;apos;
Driver info: io.appium.java_client.android.AndroidDriver
Capabilities {app: D:\QA\selenium practice\Ecl..., appPackage: com.androidsample.generalstore, databaseEnabled: false, desired: {app: D:\QA\selenium practice\Ecl..., deviceName: Pixel3, newCommandTimeout: 14, platformName: android, platformVersion: 8.1.0, udid: emulator-5554}, deviceApiLevel: 27, deviceManufacturer: Google, deviceModel: Android SDK built for x86, deviceName: emulator-5554, deviceScreenDensity: 440, deviceScreenSize: 1080x2160, deviceUDID: emulator-5554, javascriptEnabled: true, locationContextEnabled: false, networkConnectionEnabled: true, newCommandTimeout: 14, pixelRatio: 2.75, platform: LINUX, platformName: Android, platformVersion: 8.1.0, statBarHeight: 66, takesScreenshot: true, udid: emulator-5554, viewportRect: {height: 1962, left: 0, top: 66, width: 1080}, warnings: {}, webStorageEnabled: false}
Session ID: c33e226c-80f8-4e14-9112-da3e2f78ba74
*** Element info: {Using=-android uiautomator, value=new UiScrollable(new UiSelector()).scrollIntoView(text(&amp;quot;PG 3&amp;quot;));}">
      <![CDATA[org.openqa.selenium.NoSuchElementException: An element could not be located on the page using the given search parameters.
For documentation on this error, please visit: https://www.seleniumhq.org/exceptions/no_such_element.html
Build info: version: '3.141.59', revision: 'e82be7d358', time: '2018-11-14T08:17:03'
System info: host: 'DESKTOP-R31J20A', ip: '192.168.1.2', os.name: 'Windows 10', os.arch: 'x86', os.version: '10.0', java.version: '1.8.0_201'
Driver info: io.appium.java_client.android.AndroidDriver
Capabilities {app: D:\QA\selenium practice\Ecl..., appPackage: com.androidsample.generalstore, databaseEnabled: false, desired: {app: D:\QA\selenium practice\Ecl..., deviceName: Pixel3, newCommandTimeout: 14, platformName: android, platformVersion: 8.1.0, udid: emulator-5554}, deviceApiLevel: 27, deviceManufacturer: Google, deviceModel: Android SDK built for x86, deviceName: emulator-5554, deviceScreenDensity: 440, deviceScreenSize: 1080x2160, deviceUDID: emulator-5554, javascriptEnabled: true, locationContextEnabled: false, networkConnectionEnabled: true, newCommandTimeout: 14, pixelRatio: 2.75, platform: LINUX, platformName: Android, platformVersion: 8.1.0, statBarHeight: 66, takesScreenshot: true, udid: emulator-5554, viewportRect: {height: 1962, left: 0, top: 66, width: 1080}, warnings: {}, webStorageEnabled: false}
Session ID: c33e226c-80f8-4e14-9112-da3e2f78ba74
*** Element info: {Using=-android uiautomator, value=new UiScrollable(new UiSelector()).scrollIntoView(text("PG 3"));}
at org.openqa.selenium.remote.http.W3CHttpResponseCodec.createException(W3CHttpResponseCodec.java:187)
at org.openqa.selenium.remote.http.W3CHttpResponseCodec.decode(W3CHttpResponseCodec.java:122)
at org.openqa.selenium.remote.http.W3CHttpResponseCodec.decode(W3CHttpResponseCodec.java:49)
at org.openqa.selenium.remote.HttpCommandExecutor.execute(HttpCommandExecutor.java:158)
at io.appium.java_client.remote.AppiumCommandExecutor.execute(AppiumCommandExecutor.java:239)
at org.openqa.selenium.remote.RemoteWebDriver.execute(RemoteWebDriver.java:552)
at io.appium.java_client.DefaultGenericMobileDriver.execute(DefaultGenericMobileDriver.java:41)
at io.appium.java_client.AppiumDriver.execute(AppiumDriver.java:1)
at io.appium.java_client.android.AndroidDriver.execute(AndroidDriver.java:1)
at org.openqa.selenium.remote.RemoteWebDriver.findElement(RemoteWebDriver.java:323)
at io.appium.java_client.DefaultGenericMobileDriver.findElement(DefaultGenericMobileDriver.java:61)
at io.appium.java_client.AppiumDriver.findElement(AppiumDriver.java:1)
at io.appium.java_client.android.AndroidDriver.findElement(AndroidDriver.java:1)
at io.appium.java_client.FindsByAndroidUIAutomator.findElementByAndroidUIAutomator(FindsByAndroidUIAutomator.java:38)
at com.qa.appium.generalStore.tests.productPageTest.verifyProductsAddedInTheCartTest(productPageTest.java:92)
... Removed 29 stack frames]]>
    </failure>
  </testcase> <!-- verifyProductsAddedInTheCartTest -->
</testsuite> <!-- General Store Test -->
